#
# There is insufficient memory for the Java Runtime Environment to continue.
# Native memory allocation (mmap) failed to map 65536 bytes for Failed to commit metaspace.
# Possible reasons:
#   The system is out of physical RAM or swap space
#   The process is running with CompressedOops enabled, and the Java Heap may be blocking the growth of the native heap
# Possible solutions:
#   Reduce memory load on the system
#   Increase physical memory or swap space
#   Check if swap backing store is full
#   Decrease Java heap size (-Xmx/-Xms)
#   Decrease number of Java threads
#   Decrease Java thread stack sizes (-Xss)
#   Set larger code cache with -XX:ReservedCodeCacheSize=
#   JVM is running with Unscaled Compressed Oops mode in which the Java heap is
#     placed in the first 4GB address space. The Java Heap base address is the
#     maximum limit for the native heap growth. Please use -XX:HeapBaseMinAddress
#     to set the Java Heap base and to place the Java Heap above 4GB virtual address.
# This output file may be truncated or incomplete.
#
#  Out of Memory Error (virtualSpaceNode.cpp:110), pid=10144, tid=6304
#
# JRE version: OpenJDK Runtime Environment Temurin-17.0.7+7 (17.0.7+7) (build 17.0.7+7)
# Java VM: OpenJDK 64-Bit Server VM Temurin-17.0.7+7 (17.0.7+7, mixed mode, emulated-client, tiered, compressed oops, compressed class ptrs, g1 gc, windows-amd64)
# No core dump will be written. Minidumps are not enabled by default on client versions of Windows
#

---------------  S U M M A R Y ------------

Command Line: -XX:+ShowCodeDetailsInExceptionMessages -agentlib:jdwp=transport=dt_socket,suspend=y,address=localhost:60175 -Dcom.sun.management.jmxremote -Dcom.sun.management.jmxremote.port=60159 -Dcom.sun.management.jmxremote.authenticate=false -Dcom.sun.management.jmxremote.ssl=false -Djava.rmi.server.hostname=localhost -Dspring.jmx.enabled=true -Dmanagement.endpoints.jmx.exposure.include=* -Dspring.application.admin.enabled=true -XX:TieredStopAtLevel=1 -Dspring.boot.project.name=fullstack -javaagent:C:\Users\Shoaib Akhtar\eclipse\jee-2023-062\eclipse\configuration\org.eclipse.osgi\430\0\.cp\lib\javaagent-shaded.jar -Dfile.encoding=UTF-8 com.mmi.fullstack.FullstackApplication --spring.output.ansi.enabled=always

Host: Intel(R) Core(TM) i5-5200U CPU @ 2.20GHz, 4 cores, 3G,  Windows 10 , 64 bit Build 19041 (10.0.19041.3155)
Time: Sun Aug 20 18:26:52 2023 India Standard Time elapsed time: 7.582343 seconds (0d 0h 0m 7s)

---------------  T H R E A D  ---------------

Current thread (0x000002ac07b82eb0):  JavaThread "main" [_thread_in_vm, id=6304, stack(0x000000fab7a00000,0x000000fab7b00000)]

Stack: [0x000000fab7a00000,0x000000fab7b00000]
Native frames: (J=compiled Java code, j=interpreted, Vv=VM code, C=native code)
V  [jvm.dll+0x67754a]
V  [jvm.dll+0x834304]
V  [jvm.dll+0x835aae]
V  [jvm.dll+0x836113]
V  [jvm.dll+0x24696f]
V  [jvm.dll+0x83039b]
V  [jvm.dll+0x61c006]
V  [jvm.dll+0x1c169e]
V  [jvm.dll+0x61e961]
V  [jvm.dll+0x61c9a6]
V  [jvm.dll+0x36cff2]
V  [jvm.dll+0x1e311b]
V  [jvm.dll+0x53ea79]
V  [jvm.dll+0x1f2067]
V  [jvm.dll+0x7af05b]
V  [jvm.dll+0x7b0402]
V  [jvm.dll+0x7b0b99]
V  [jvm.dll+0x1e9c26]
V  [jvm.dll+0x1ec32b]
V  [jvm.dll+0x1e1891]
V  [jvm.dll+0x53ea50]
V  [jvm.dll+0x1f2067]
V  [jvm.dll+0x7af05b]
V  [jvm.dll+0x7b0402]
V  [jvm.dll+0x7b0b99]
V  [jvm.dll+0x1e9c26]
V  [jvm.dll+0x1ec32b]
V  [jvm.dll+0x1e1891]
V  [jvm.dll+0x53ea50]
V  [jvm.dll+0x1f2067]
V  [jvm.dll+0x7af05b]
V  [jvm.dll+0x7b0402]
V  [jvm.dll+0x7b0738]
V  [jvm.dll+0x23ec6e]
V  [jvm.dll+0x381026]
C  0x000002ac0b245ba0

Java frames: (J=compiled Java code, j=interpreted, Vv=VM code)
j  java.util.concurrent.ScheduledThreadPoolExecutor$DelayedWorkQueue.<init>()V+7 java.base@17.0.7
j  java.util.concurrent.ScheduledThreadPoolExecutor.<init>(ILjava/util/concurrent/ThreadFactory;)V+14 java.base@17.0.7
j  sun.rmi.runtime.RuntimeUtil.<init>()V+20 java.rmi@17.0.7
j  sun.rmi.runtime.RuntimeUtil.<clinit>()V+43 java.rmi@17.0.7
v  ~StubRoutines::call_stub
j  sun.rmi.runtime.RuntimeUtil$GetInstanceAction.run()Lsun/rmi/runtime/RuntimeUtil;+0 java.rmi@17.0.7
j  sun.rmi.runtime.RuntimeUtil$GetInstanceAction.run()Ljava/lang/Object;+1 java.rmi@17.0.7
J 1019 c1 java.security.AccessController.doPrivileged(Ljava/security/PrivilegedAction;)Ljava/lang/Object; java.base@17.0.7 (9 bytes) @ 0x000002ac0b542dfc [0x000002ac0b542dc0+0x000000000000003c]
j  sun.rmi.transport.DGCImpl.<clinit>()V+67 java.rmi@17.0.7
v  ~StubRoutines::call_stub
j  sun.rmi.transport.WeakRef.pin()V+15 java.rmi@17.0.7
j  sun.rmi.transport.Target.pinImpl()V+4 java.rmi@17.0.7
j  sun.rmi.transport.Target.<init>(Ljava/rmi/Remote;Lsun/rmi/server/Dispatcher;Ljava/rmi/Remote;Ljava/rmi/server/ObjID;Z)V+134 java.rmi@17.0.7
j  sun.rmi.server.UnicastServerRef.exportObject(Ljava/rmi/Remote;Ljava/lang/Object;Z)Ljava/rmi/Remote;+67 java.rmi@17.0.7
j  sun.management.jmxremote.ConnectorBootstrap$PermanentExporter.exportObject(Ljava/rmi/Remote;ILjava/rmi/server/RMIClientSocketFactory;Ljava/rmi/server/RMIServerSocketFactory;Ljava/io/ObjectInputFilter;)Ljava/rmi/Remote;+82 jdk.management.agent@17.0.7
j  javax.management.remote.rmi.RMIJRMPServerImpl.export(Ljava/rmi/Remote;Ljava/io/ObjectInputFilter;)V+62 java.management.rmi@17.0.7
j  javax.management.remote.rmi.RMIJRMPServerImpl.export()V+6 java.management.rmi@17.0.7
j  javax.management.remote.rmi.RMIConnectorServer.start()V+257 java.management.rmi@17.0.7
j  sun.management.jmxremote.ConnectorBootstrap.exportMBeanServer(Ljavax/management/MBeanServer;IIZZLjava/lang/String;[Ljava/lang/String;[Ljava/lang/String;ZZLjava/lang/String;Ljava/lang/String;ZLjava/lang/String;Ljava/lang/String;Ljava/lang/String;)Lsun/management/jmxremote/ConnectorBootstrap$JMXConnectorServerData;+348 jdk.management.agent@17.0.7
j  sun.management.jmxremote.ConnectorBootstrap.startRemoteConnectorServer(Ljava/lang/String;Ljava/util/Properties;)Ljavax/management/remote/JMXConnectorServer;+620 jdk.management.agent@17.0.7
j  jdk.internal.agent.Agent.startAgent(Ljava/util/Properties;)V+48 jdk.management.agent@17.0.7
j  jdk.internal.agent.Agent.startAgent()V+20 jdk.management.agent@17.0.7
v  ~StubRoutines::call_stub

---------------  P R O C E S S  ---------------

Threads class SMR info:
_java_thread_list=0x000002ac17980160, length=15, elements={
0x000002ac07b82eb0, 0x000002ac12a5b400, 0x000002ac12a5ce20, 0x000002ac12a3e2e0,
0x000002ac12a42f70, 0x000002ac12a44840, 0x000002ac12bb8070, 0x000002ac12bb8930,
0x000002ac12aa1340, 0x000002ac07c215e0, 0x000002ac12d95cb0, 0x000002ac12e2afc0,
0x000002ac12e2de70, 0x000002ac12e32970, 0x000002ac17a05060
}

Java Threads: ( => current thread )
=>0x000002ac07b82eb0 JavaThread "main" [_thread_in_vm, id=6304, stack(0x000000fab7a00000,0x000000fab7b00000)]
  0x000002ac12a5b400 JavaThread "Reference Handler" daemon [_thread_blocked, id=11596, stack(0x000000fab8100000,0x000000fab8200000)]
  0x000002ac12a5ce20 JavaThread "Finalizer" daemon [_thread_blocked, id=8912, stack(0x000000fab8200000,0x000000fab8300000)]
  0x000002ac12a3e2e0 JavaThread "Signal Dispatcher" daemon [_thread_blocked, id=8720, stack(0x000000fab8300000,0x000000fab8400000)]
  0x000002ac12a42f70 JavaThread "Attach Listener" daemon [_thread_blocked, id=8236, stack(0x000000fab8400000,0x000000fab8500000)]
  0x000002ac12a44840 JavaThread "Service Thread" daemon [_thread_blocked, id=6780, stack(0x000000fab8500000,0x000000fab8600000)]
  0x000002ac12bb8070 JavaThread "Monitor Deflation Thread" daemon [_thread_blocked, id=7952, stack(0x000000fab8600000,0x000000fab8700000)]
  0x000002ac12bb8930 JavaThread "C1 CompilerThread0" daemon [_thread_blocked, id=4536, stack(0x000000fab8700000,0x000000fab8800000)]
  0x000002ac12aa1340 JavaThread "Sweeper thread" daemon [_thread_blocked, id=3988, stack(0x000000fab8800000,0x000000fab8900000)]
  0x000002ac07c215e0 JavaThread "Common-Cleaner" daemon [_thread_blocked, id=7788, stack(0x000000fab8900000,0x000000fab8a00000)]
  0x000002ac12d95cb0 JavaThread "C1 CompilerThread1" daemon [_thread_blocked, id=10808, stack(0x000000fab8a00000,0x000000fab8b00000)]
  0x000002ac12e2afc0 JavaThread "JDWP Transport Listener: dt_socket" daemon [_thread_blocked, id=1560, stack(0x000000fab8b00000,0x000000fab8c00000)]
  0x000002ac12e2de70 JavaThread "JDWP Event Helper Thread" daemon [_thread_blocked, id=12232, stack(0x000000fab8c00000,0x000000fab8d00000)]
  0x000002ac12e32970 JavaThread "JDWP Command Reader" daemon [_thread_in_native, id=7800, stack(0x000000fab8d00000,0x000000fab8e00000)]
  0x000002ac17a05060 JavaThread "Notification Thread" daemon [_thread_blocked, id=9052, stack(0x000000fab9100000,0x000000fab9200000)]

Other Threads:
  0x000002ac12a35180 VMThread "VM Thread" [stack: 0x000000fab8000000,0x000000fab8100000] [id=6380]
  0x000002ac059fce80 GCTaskThread "GC Thread#0" [stack: 0x000000fab7b00000,0x000000fab7c00000] [id=10592]
  0x000002ac12fab8b0 GCTaskThread "GC Thread#1" [stack: 0x000000fab8e00000,0x000000fab8f00000] [id=9536]
  0x000002ac17968f80 GCTaskThread "GC Thread#2" [stack: 0x000000fab8f00000,0x000000fab9000000] [id=6800]
  0x000002ac17969230 GCTaskThread "GC Thread#3" [stack: 0x000000fab9000000,0x000000fab9100000] [id=480]
  0x000002ac07bc2c90 ConcurrentGCThread "G1 Main Marker" [stack: 0x000000fab7c00000,0x000000fab7d00000] [id=12028]
  0x000002ac059fe2f0 ConcurrentGCThread "G1 Conc#0" [stack: 0x000000fab7d00000,0x000000fab7e00000] [id=12152]
  0x000002ac07c10060 ConcurrentGCThread "G1 Refine#0" [stack: 0x000000fab7e00000,0x000000fab7f00000] [id=6984]
  0x000002ac07c119a0 ConcurrentGCThread "G1 Service" [stack: 0x000000fab7f00000,0x000000fab8000000] [id=5304]

Threads with active compile tasks:

VM state: not at safepoint (normal execution)

VM Mutex/Monitor currently owned by a thread:  ([mutex/lock_event])
[0x000002ac07b7bb90] Metaspace_lock - owner thread: 0x000002ac07b82eb0

Heap address: 0x00000000c1600000, size: 1002 MB, Compressed Oops mode: 32-bit

CDS archive(s) not mapped
Compressed class space mapped at: 0x0000000100000000-0x0000000140000000, reserved size: 1073741824
Narrow klass base: 0x0000000000000000, Narrow klass shift: 3, Narrow klass range: 0x140000000

GC Precious Log:
 CPUs: 4 total, 4 available
 Memory: 4005M
 Large Page Support: Disabled
 NUMA Support: Disabled
 Compressed Oops: Enabled (32-bit)
 Heap Region Size: 1M
 Heap Min Capacity: 8M
 Heap Initial Capacity: 64M
 Heap Max Capacity: 1002M
 Pre-touch: Disabled
 Parallel Workers: 4
 Concurrent Workers: 1
 Concurrent Refinement Workers: 4
 Periodic GC: Disabled

Heap:
 garbage-first heap   total 65536K, used 18618K [0x00000000c1600000, 0x0000000100000000)
  region size 1024K, 3 young (3072K), 1 survivors (1024K)
 Metaspace       used 13186K, committed 13312K, reserved 1114112K
  class space    used 1298K, committed 1344K, reserved 1048576K

Heap Regions: E=young(eden), S=young(survivor), O=old, HS=humongous(starts), HC=humongous(continues), CS=collection set, F=free, OA=open archive, CA=closed archive, TAMS=top-at-mark-start (previous, next)
|   0|0x00000000c1600000, 0x00000000c1700000, 0x00000000c1700000|100%|HS|  |TAMS 0x00000000c1600000, 0x00000000c1600000| Complete 
|   1|0x00000000c1700000, 0x00000000c1800000, 0x00000000c1800000|100%|HS|  |TAMS 0x00000000c1700000, 0x00000000c1700000| Complete 
|   2|0x00000000c1800000, 0x00000000c1900000, 0x00000000c1900000|100%|HC|  |TAMS 0x00000000c1800000, 0x00000000c1800000| Complete 
|   3|0x00000000c1900000, 0x00000000c1a00000, 0x00000000c1a00000|100%|HS|  |TAMS 0x00000000c1900000, 0x00000000c1900000| Complete 
|   4|0x00000000c1a00000, 0x00000000c1b00000, 0x00000000c1b00000|100%|HC|  |TAMS 0x00000000c1a00000, 0x00000000c1a00000| Complete 
|   5|0x00000000c1b00000, 0x00000000c1c00000, 0x00000000c1c00000|100%|HC|  |TAMS 0x00000000c1b00000, 0x00000000c1b00000| Complete 
|   6|0x00000000c1c00000, 0x00000000c1d00000, 0x00000000c1d00000|100%|HS|  |TAMS 0x00000000c1c00000, 0x00000000c1c00000| Complete 
|   7|0x00000000c1d00000, 0x00000000c1e00000, 0x00000000c1e00000|100%| O|  |TAMS 0x00000000c1d00000, 0x00000000c1d00000| Untracked 
|   8|0x00000000c1e00000, 0x00000000c1f00000, 0x00000000c1f00000|100%| O|  |TAMS 0x00000000c1e00000, 0x00000000c1e00000| Untracked 
|   9|0x00000000c1f00000, 0x00000000c2000000, 0x00000000c2000000|100%| O|  |TAMS 0x00000000c1f00000, 0x00000000c1f00000| Untracked 
|  10|0x00000000c2000000, 0x00000000c2100000, 0x00000000c2100000|100%| O|  |TAMS 0x00000000c2000000, 0x00000000c2000000| Untracked 
|  11|0x00000000c2100000, 0x00000000c2200000, 0x00000000c2200000|100%| O|  |TAMS 0x00000000c2100000, 0x00000000c2100000| Untracked 
|  12|0x00000000c2200000, 0x00000000c2300000, 0x00000000c2300000|100%| O|  |TAMS 0x00000000c2200000, 0x00000000c2200000| Untracked 
|  13|0x00000000c2300000, 0x00000000c2400000, 0x00000000c2400000|100%| O|  |TAMS 0x00000000c2300000, 0x00000000c2300000| Untracked 
|  14|0x00000000c2400000, 0x00000000c2500000, 0x00000000c2500000|100%| O|  |TAMS 0x00000000c2400000, 0x00000000c2400000| Untracked 
|  15|0x00000000c2500000, 0x00000000c2600000, 0x00000000c2600000|100%| O|  |TAMS 0x00000000c2500000, 0x00000000c2500000| Untracked 
|  16|0x00000000c2600000, 0x00000000c262ea00, 0x00000000c2700000| 18%| O|  |TAMS 0x00000000c2600000, 0x00000000c2600000| Untracked 
|  17|0x00000000c2700000, 0x00000000c2700000, 0x00000000c2800000|  0%| F|  |TAMS 0x00000000c2700000, 0x00000000c2700000| Untracked 
|  18|0x00000000c2800000, 0x00000000c2800000, 0x00000000c2900000|  0%| F|  |TAMS 0x00000000c2800000, 0x00000000c2800000| Untracked 
|  19|0x00000000c2900000, 0x00000000c2900000, 0x00000000c2a00000|  0%| F|  |TAMS 0x00000000c2900000, 0x00000000c2900000| Untracked 
|  20|0x00000000c2a00000, 0x00000000c2a00000, 0x00000000c2b00000|  0%| F|  |TAMS 0x00000000c2a00000, 0x00000000c2a00000| Untracked 
|  21|0x00000000c2b00000, 0x00000000c2b00000, 0x00000000c2c00000|  0%| F|  |TAMS 0x00000000c2b00000, 0x00000000c2b00000| Untracked 
|  22|0x00000000c2c00000, 0x00000000c2c00000, 0x00000000c2d00000|  0%| F|  |TAMS 0x00000000c2c00000, 0x00000000c2c00000| Untracked 
|  23|0x00000000c2d00000, 0x00000000c2d00000, 0x00000000c2e00000|  0%| F|  |TAMS 0x00000000c2d00000, 0x00000000c2d00000| Untracked 
|  24|0x00000000c2e00000, 0x00000000c2e00000, 0x00000000c2f00000|  0%| F|  |TAMS 0x00000000c2e00000, 0x00000000c2e00000| Untracked 
|  25|0x00000000c2f00000, 0x00000000c2f00000, 0x00000000c3000000|  0%| F|  |TAMS 0x00000000c2f00000, 0x00000000c2f00000| Untracked 
|  26|0x00000000c3000000, 0x00000000c3000000, 0x00000000c3100000|  0%| F|  |TAMS 0x00000000c3000000, 0x00000000c3000000| Untracked 
|  27|0x00000000c3100000, 0x00000000c3100000, 0x00000000c3200000|  0%| F|  |TAMS 0x00000000c3100000, 0x00000000c3100000| Untracked 
|  28|0x00000000c3200000, 0x00000000c3200000, 0x00000000c3300000|  0%| F|  |TAMS 0x00000000c3200000, 0x00000000c3200000| Untracked 
|  29|0x00000000c3300000, 0x00000000c3300000, 0x00000000c3400000|  0%| F|  |TAMS 0x00000000c3300000, 0x00000000c3300000| Untracked 
|  30|0x00000000c3400000, 0x00000000c3400000, 0x00000000c3500000|  0%| F|  |TAMS 0x00000000c3400000, 0x00000000c3400000| Untracked 
|  31|0x00000000c3500000, 0x00000000c3500000, 0x00000000c3600000|  0%| F|  |TAMS 0x00000000c3500000, 0x00000000c3500000| Untracked 
|  32|0x00000000c3600000, 0x00000000c3600000, 0x00000000c3700000|  0%| F|  |TAMS 0x00000000c3600000, 0x00000000c3600000| Untracked 
|  33|0x00000000c3700000, 0x00000000c3700000, 0x00000000c3800000|  0%| F|  |TAMS 0x00000000c3700000, 0x00000000c3700000| Untracked 
|  34|0x00000000c3800000, 0x00000000c3800000, 0x00000000c3900000|  0%| F|  |TAMS 0x00000000c3800000, 0x00000000c3800000| Untracked 
|  35|0x00000000c3900000, 0x00000000c3900000, 0x00000000c3a00000|  0%| F|  |TAMS 0x00000000c3900000, 0x00000000c3900000| Untracked 
|  36|0x00000000c3a00000, 0x00000000c3a00000, 0x00000000c3b00000|  0%| F|  |TAMS 0x00000000c3a00000, 0x00000000c3a00000| Untracked 
|  37|0x00000000c3b00000, 0x00000000c3b00000, 0x00000000c3c00000|  0%| F|  |TAMS 0x00000000c3b00000, 0x00000000c3b00000| Untracked 
|  38|0x00000000c3c00000, 0x00000000c3c00000, 0x00000000c3d00000|  0%| F|  |TAMS 0x00000000c3c00000, 0x00000000c3c00000| Untracked 
|  39|0x00000000c3d00000, 0x00000000c3d00000, 0x00000000c3e00000|  0%| F|  |TAMS 0x00000000c3d00000, 0x00000000c3d00000| Untracked 
|  40|0x00000000c3e00000, 0x00000000c3e00000, 0x00000000c3f00000|  0%| F|  |TAMS 0x00000000c3e00000, 0x00000000c3e00000| Untracked 
|  41|0x00000000c3f00000, 0x00000000c3f00000, 0x00000000c4000000|  0%| F|  |TAMS 0x00000000c3f00000, 0x00000000c3f00000| Untracked 
|  42|0x00000000c4000000, 0x00000000c4000000, 0x00000000c4100000|  0%| F|  |TAMS 0x00000000c4000000, 0x00000000c4000000| Untracked 
|  43|0x00000000c4100000, 0x00000000c4100000, 0x00000000c4200000|  0%| F|  |TAMS 0x00000000c4100000, 0x00000000c4100000| Untracked 
|  44|0x00000000c4200000, 0x00000000c4200000, 0x00000000c4300000|  0%| F|  |TAMS 0x00000000c4200000, 0x00000000c4200000| Untracked 
|  45|0x00000000c4300000, 0x00000000c4300000, 0x00000000c4400000|  0%| F|  |TAMS 0x00000000c4300000, 0x00000000c4300000| Untracked 
|  46|0x00000000c4400000, 0x00000000c4400000, 0x00000000c4500000|  0%| F|  |TAMS 0x00000000c4400000, 0x00000000c4400000| Untracked 
|  47|0x00000000c4500000, 0x00000000c4500000, 0x00000000c4600000|  0%| F|  |TAMS 0x00000000c4500000, 0x00000000c4500000| Untracked 
|  48|0x00000000c4600000, 0x00000000c4600000, 0x00000000c4700000|  0%| F|  |TAMS 0x00000000c4600000, 0x00000000c4600000| Untracked 
|  49|0x00000000c4700000, 0x00000000c4700000, 0x00000000c4800000|  0%| F|  |TAMS 0x00000000c4700000, 0x00000000c4700000| Untracked 
|  50|0x00000000c4800000, 0x00000000c4800000, 0x00000000c4900000|  0%| F|  |TAMS 0x00000000c4800000, 0x00000000c4800000| Untracked 
|  51|0x00000000c4900000, 0x00000000c4900000, 0x00000000c4a00000|  0%| F|  |TAMS 0x00000000c4900000, 0x00000000c4900000| Untracked 
|  52|0x00000000c4a00000, 0x00000000c4a00000, 0x00000000c4b00000|  0%| F|  |TAMS 0x00000000c4a00000, 0x00000000c4a00000| Untracked 
|  53|0x00000000c4b00000, 0x00000000c4b00000, 0x00000000c4c00000|  0%| F|  |TAMS 0x00000000c4b00000, 0x00000000c4b00000| Untracked 
|  54|0x00000000c4c00000, 0x00000000c4c00000, 0x00000000c4d00000|  0%| F|  |TAMS 0x00000000c4c00000, 0x00000000c4c00000| Untracked 
|  55|0x00000000c4d00000, 0x00000000c4d00000, 0x00000000c4e00000|  0%| F|  |TAMS 0x00000000c4d00000, 0x00000000c4d00000| Untracked 
|  56|0x00000000c4e00000, 0x00000000c4e00000, 0x00000000c4f00000|  0%| F|  |TAMS 0x00000000c4e00000, 0x00000000c4e00000| Untracked 
|  57|0x00000000c4f00000, 0x00000000c5000000, 0x00000000c5000000|100%| S|CS|TAMS 0x00000000c4f00000, 0x00000000c4f00000| Complete 
|  58|0x00000000c5000000, 0x00000000c5000000, 0x00000000c5100000|  0%| F|  |TAMS 0x00000000c5000000, 0x00000000c5000000| Untracked 
|  59|0x00000000c5100000, 0x00000000c5100000, 0x00000000c5200000|  0%| F|  |TAMS 0x00000000c5100000, 0x00000000c5100000| Untracked 
|  60|0x00000000c5200000, 0x00000000c5200000, 0x00000000c5300000|  0%| F|  |TAMS 0x00000000c5200000, 0x00000000c5200000| Untracked 
|  61|0x00000000c5300000, 0x00000000c5300000, 0x00000000c5400000|  0%| F|  |TAMS 0x00000000c5300000, 0x00000000c5300000| Untracked 
|  62|0x00000000c5400000, 0x00000000c54fb858, 0x00000000c5500000| 98%| E|  |TAMS 0x00000000c5400000, 0x00000000c5400000| Complete 
|  63|0x00000000c5500000, 0x00000000c5600000, 0x00000000c5600000|100%| E|CS|TAMS 0x00000000c5500000, 0x00000000c5500000| Complete 

Card table byte_map: [0x000002ac0e220000,0x000002ac0e420000] _byte_map_base: 0x000002ac0dc15000

Marking Bits (Prev, Next): (CMBitMap*) 0x000002ac059fd3a0, (CMBitMap*) 0x000002ac059fd3e0
 Prev Bits: [0x000002ac0e620000, 0x000002ac0f5c8000)
 Next Bits: [0x000002ac0f5d0000, 0x000002ac10578000)

Polling page: 0x000002ac05b20000

Metaspace:

Usage:
  Non-class:     11.61 MB used.
      Class:      1.27 MB used.
       Both:     12.88 MB used.

Virtual space:
  Non-class space:       64.00 MB reserved,      11.69 MB ( 18%) committed,  1 nodes.
      Class space:        1.00 GB reserved,       1.31 MB ( <1%) committed,  1 nodes.
             Both:        1.06 GB reserved,      13.00 MB (  1%) committed. 

Chunk freelists:
   Non-Class:  4.24 MB
       Class:  14.59 MB
        Both:  18.82 MB

MaxMetaspaceSize: unlimited
CompressedClassSpaceSize: 1.00 GB
Initial GC threshold: 21.00 MB
Current GC threshold: 21.00 MB
CDS: off
MetaspaceReclaimPolicy: balanced
 - commit_granule_bytes: 65536.
 - commit_granule_words: 8192.
 - virtual_space_node_default_size: 8388608.
 - enlarge_chunks_in_place: 1.
 - new_chunks_are_fully_committed: 0.
 - uncommit_free_chunks: 1.
 - use_allocation_guard: 0.
 - handle_deallocations: 1.


Internal statistics:

num_allocs_failed_limit: 0.
num_arena_births: 74.
num_arena_deaths: 0.
num_vsnodes_births: 2.
num_vsnodes_deaths: 0.
num_space_committed: 208.
num_space_uncommitted: 0.
num_chunks_returned_to_freelist: 0.
num_chunks_taken_from_freelist: 116.
num_chunk_merges: 0.
num_chunk_splits: 65.
num_chunks_enlarged: 34.
num_inconsistent_stats: 0.

CodeCache: size=49152Kb used=3213Kb max_used=3213Kb free=45938Kb
 bounds [0x000002ac0b220000, 0x000002ac0b550000, 0x000002ac0e220000]
 total_blobs=1464 nmethods=1021 adapters=370
 compilation: enabled
              stopped_count=0, restarted_count=0
 full_count=0

Compilation events (20 events):
Event: 7.523 Thread 0x000002ac12d95cb0 nmethod 1009 0x000002ac0b53b510 code [0x000002ac0b53b7c0, 0x000002ac0b53bfe8]
Event: 7.524 Thread 0x000002ac12d95cb0 1012       1       jdk.internal.org.objectweb.asm.Handler::putExceptionTable (63 bytes)
Event: 7.524 Thread 0x000002ac12d95cb0 nmethod 1012 0x000002ac0b53c710 code [0x000002ac0b53c8e0, 0x000002ac0b53cae8]
Event: 7.526 Thread 0x000002ac12bb8930 nmethod 1011 0x000002ac0b53cd90 code [0x000002ac0b53d2e0, 0x000002ac0b53e5e8]
Event: 7.527 Thread 0x000002ac12bb8930 1014       1       java.lang.invoke.Invokers$Holder::linkToTargetMethod (9 bytes)
Event: 7.527 Thread 0x000002ac12bb8930 nmethod 1014 0x000002ac0b53fd90 code [0x000002ac0b53ff40, 0x000002ac0b540058]
Event: 7.528 Thread 0x000002ac12d95cb0 1015       1       java.lang.invoke.MethodHandles$Lookup::in (283 bytes)
Event: 7.530 Thread 0x000002ac12d95cb0 nmethod 1015 0x000002ac0b540110 code [0x000002ac0b540420, 0x000002ac0b5410f8]
Event: 7.535 Thread 0x000002ac12d95cb0 1016       1       java.lang.Class::cast (27 bytes)
Event: 7.535 Thread 0x000002ac12d95cb0 nmethod 1016 0x000002ac0b542110 code [0x000002ac0b5422c0, 0x000002ac0b542478]
Event: 7.549 Thread 0x000002ac12bb8930 1017       1       java.security.AccessController::executePrivileged (65 bytes)
Event: 7.550 Thread 0x000002ac12bb8930 nmethod 1017 0x000002ac0b542590 code [0x000002ac0b542740, 0x000002ac0b542858]
Event: 7.551 Thread 0x000002ac12bb8930 1018       1       jdk.internal.org.objectweb.asm.SymbolTable::getConstantPoolCount (5 bytes)
Event: 7.551 Thread 0x000002ac12bb8930 nmethod 1018 0x000002ac0b542910 code [0x000002ac0b542aa0, 0x000002ac0b542b78]
Event: 7.551 Thread 0x000002ac12bb8930 1019       1       java.security.AccessController::doPrivileged (9 bytes)
Event: 7.552 Thread 0x000002ac12bb8930 nmethod 1019 0x000002ac0b542c10 code [0x000002ac0b542dc0, 0x000002ac0b542eb8]
Event: 7.554 Thread 0x000002ac12bb8930 1020       1       java.lang.invoke.Invokers$Holder::linkToTargetMethod (8 bytes)
Event: 7.554 Thread 0x000002ac12bb8930 nmethod 1020 0x000002ac0b542f90 code [0x000002ac0b543140, 0x000002ac0b543258]
Event: 7.554 Thread 0x000002ac12d95cb0 1021       1       java.lang.invoke.LambdaForm$MH/0x0000000100000400::invoke (8 bytes)
Event: 7.554 Thread 0x000002ac12d95cb0 nmethod 1021 0x000002ac0b543310 code [0x000002ac0b5434a0, 0x000002ac0b543578]

GC Heap History (4 events):
Event: 3.840 GC heap before
{Heap before GC invocations=0 (full 0):
 garbage-first heap   total 65536K, used 19456K [0x00000000c1600000, 0x0000000100000000)
  region size 1024K, 13 young (13312K), 0 survivors (0K)
 Metaspace       used 6198K, committed 6336K, reserved 1114112K
  class space    used 519K, committed 576K, reserved 1048576K
}
Event: 3.894 GC heap after
{Heap after GC invocations=1 (full 0):
 garbage-first heap   total 65536K, used 16351K [0x00000000c1600000, 0x0000000100000000)
  region size 1024K, 2 young (2048K), 2 survivors (2048K)
 Metaspace       used 6198K, committed 6336K, reserved 1114112K
  class space    used 519K, committed 576K, reserved 1048576K
}
Event: 6.985 GC heap before
{Heap before GC invocations=1 (full 0):
 garbage-first heap   total 65536K, used 22495K [0x00000000c1600000, 0x0000000100000000)
  region size 1024K, 8 young (8192K), 2 survivors (2048K)
 Metaspace       used 11997K, committed 12160K, reserved 1114112K
  class space    used 1153K, committed 1216K, reserved 1048576K
}
Event: 6.991 GC heap after
{Heap after GC invocations=2 (full 0):
 garbage-first heap   total 65536K, used 17594K [0x00000000c1600000, 0x0000000100000000)
  region size 1024K, 1 young (1024K), 1 survivors (1024K)
 Metaspace       used 11997K, committed 12160K, reserved 1114112K
  class space    used 1153K, committed 1216K, reserved 1048576K
}

Dll operation events (9 events):
Event: 0.038 Loaded shared library C:\Users\Shoaib Akhtar\.p2\pool\plugins\org.eclipse.justj.openjdk.hotspot.jre.full.win32.x86_64_17.0.7.v20230425-1502\jre\bin\java.dll
Event: 1.911 Loaded shared library C:\Users\Shoaib Akhtar\.p2\pool\plugins\org.eclipse.justj.openjdk.hotspot.jre.full.win32.x86_64_17.0.7.v20230425-1502\jre\bin\zip.dll
Event: 1.918 Loaded shared library C:\Users\Shoaib Akhtar\.p2\pool\plugins\org.eclipse.justj.openjdk.hotspot.jre.full.win32.x86_64_17.0.7.v20230425-1502\jre\bin\instrument.dll
Event: 2.167 Loaded shared library C:\Users\Shoaib Akhtar\.p2\pool\plugins\org.eclipse.justj.openjdk.hotspot.jre.full.win32.x86_64_17.0.7.v20230425-1502\jre\bin\net.dll
Event: 2.173 Loaded shared library C:\Users\Shoaib Akhtar\.p2\pool\plugins\org.eclipse.justj.openjdk.hotspot.jre.full.win32.x86_64_17.0.7.v20230425-1502\jre\bin\nio.dll
Event: 2.402 Loaded shared library C:\Users\Shoaib Akhtar\.p2\pool\plugins\org.eclipse.justj.openjdk.hotspot.jre.full.win32.x86_64_17.0.7.v20230425-1502\jre\bin\zip.dll
Event: 4.909 Loaded shared library C:\Users\Shoaib Akhtar\.p2\pool\plugins\org.eclipse.justj.openjdk.hotspot.jre.full.win32.x86_64_17.0.7.v20230425-1502\jre\bin\jimage.dll
Event: 5.243 Loaded shared library C:\Users\Shoaib Akhtar\.p2\pool\plugins\org.eclipse.justj.openjdk.hotspot.jre.full.win32.x86_64_17.0.7.v20230425-1502\jre\bin\management.dll
Event: 5.325 Loaded shared library C:\Users\Shoaib Akhtar\.p2\pool\plugins\org.eclipse.justj.openjdk.hotspot.jre.full.win32.x86_64_17.0.7.v20230425-1502\jre\bin\management_ext.dll

Deoptimization events (0 events):
No events

Classes unloaded (0 events):
No events

Classes redefined (0 events):
No events

Internal exceptions (10 events):
Event: 5.238 Thread 0x000002ac07b82eb0 Exception <a 'java/lang/NoSuchMethodError'{0x00000000c5384a68}: 'java.lang.Object java.lang.invoke.DirectMethodHandle$Holder.invokeStaticInit(java.lang.Object)'> (0x00000000c5384a68) 
thrown [s\src\hotspot\share\interpreter\linkResolver.cpp, line 759]
Event: 5.334 Thread 0x000002ac07b82eb0 Exception <a 'java/lang/NoSuchMethodError'{0x00000000c5213b60}: 'int java.lang.invoke.DirectMethodHandle$Holder.invokeInterface(java.lang.Object, java.lang.Object)'> (0x00000000c5213b60) 
thrown [s\src\hotspot\share\interpreter\linkResolver.cpp, line 759]
Event: 5.335 Thread 0x000002ac07b82eb0 Exception <a 'java/lang/IncompatibleClassChangeError'{0x00000000c5217160}: Found class java.lang.Object, but interface was expected> (0x00000000c5217160) 
thrown [s\src\hotspot\share\interpreter\linkResolver.cpp, line 826]
Event: 5.336 Thread 0x000002ac07b82eb0 Exception <a 'java/lang/NoSuchMethodError'{0x00000000c521d410}: 'void java.lang.invoke.DirectMethodHandle$Holder.invokeStatic(java.lang.Object, java.lang.Object)'> (0x00000000c521d410) 
thrown [s\src\hotspot\share\interpreter\linkResolver.cpp, line 759]
Event: 6.432 Thread 0x000002ac07b82eb0 Exception <a 'java/lang/NoSuchMethodError'{0x00000000c5185860}: 'int java.lang.invoke.DirectMethodHandle$Holder.invokeSpecial(java.lang.Object, java.lang.Object, java.lang.Object)'> (0x00000000c5185860) 
thrown [s\src\hotspot\share\interpreter\linkResolver.cpp, line 759]
Event: 6.994 Thread 0x000002ac07b82eb0 Exception <a 'java/lang/NoSuchMethodError'{0x00000000c550a560}: 'void java.lang.invoke.DirectMethodHandle$Holder.invokeStatic(java.lang.Object, java.lang.Object, java.lang.Object)'> (0x00000000c550a560) 
thrown [s\src\hotspot\share\interpreter\linkResolver.cpp, line 759]
Event: 7.057 Thread 0x000002ac07b82eb0 Exception <a 'java/lang/NoSuchMethodError'{0x00000000c55d1c38}: 'int java.lang.invoke.DirectMethodHandle$Holder.invokeSpecialIFC(java.lang.Object, java.lang.Object, java.lang.Object)'> (0x00000000c55d1c38) 
thrown [s\src\hotspot\share\interpreter\linkResolver.cpp, line 759]
Event: 7.159 Thread 0x000002ac07b82eb0 Exception <a 'java/lang/NoSuchMethodError'{0x00000000c5447420}: 'java.lang.Object java.lang.invoke.DirectMethodHandle$Holder.invokeStaticInit(java.lang.Object, int, int, int, int)'> (0x00000000c5447420) 
thrown [s\src\hotspot\share\interpreter\linkResolver.cpp, line 759]
Event: 7.506 Thread 0x000002ac07b82eb0 Exception <a 'java/lang/NoSuchMethodError'{0x00000000c546e0b8}: 'java.lang.Object java.lang.invoke.DirectMethodHandle$Holder.invokeStaticInit(java.lang.Object, java.lang.Object, int, int, int, int)'> (0x00000000c546e0b8) 
thrown [s\src\hotspot\share\interpreter\linkResolver.cpp, line 759]
Event: 7.538 Thread 0x000002ac07b82eb0 Exception <a 'java/lang/ClassNotFoundException'{0x00000000c54a6b38}: javax/management/remote/rmi/RMIServerImpl_Skel> (0x00000000c54a6b38) 
thrown [s\src\hotspot\share\classfile\systemDictionary.cpp, line 256]

VM Operations (20 events):
Event: 3.752 Executing VM operation: Cleanup
Event: 3.752 Executing VM operation: Cleanup done
Event: 3.840 Executing VM operation: G1CollectForAllocation
Event: 3.895 Executing VM operation: G1CollectForAllocation done
Event: 4.177 Executing VM operation: HandshakeAllThreads
Event: 4.177 Executing VM operation: HandshakeAllThreads done
Event: 5.181 Executing VM operation: Cleanup
Event: 5.214 Executing VM operation: Cleanup done
Event: 5.348 Executing VM operation: HandshakeAllThreads
Event: 5.348 Executing VM operation: HandshakeAllThreads done
Event: 6.358 Executing VM operation: Cleanup
Event: 6.375 Executing VM operation: Cleanup done
Event: 6.985 Executing VM operation: G1CollectForAllocation
Event: 6.991 Executing VM operation: G1CollectForAllocation done
Event: 7.024 Executing VM operation: HandshakeAllThreads
Event: 7.024 Executing VM operation: HandshakeAllThreads done
Event: 7.103 Executing VM operation: HandshakeAllThreads
Event: 7.103 Executing VM operation: HandshakeAllThreads done
Event: 7.536 Executing VM operation: HandshakeAllThreads
Event: 7.536 Executing VM operation: HandshakeAllThreads done

Events (20 events):
Event: 7.550 loading class sun/rmi/transport/DGCImpl done
Event: 7.554 loading class sun/rmi/runtime/RuntimeUtil$GetInstanceAction
Event: 7.555 loading class sun/rmi/runtime/RuntimeUtil$GetInstanceAction done
Event: 7.555 loading class sun/rmi/runtime/RuntimeUtil
Event: 7.555 loading class sun/rmi/runtime/RuntimeUtil done
Event: 7.559 loading class java/util/concurrent/ScheduledThreadPoolExecutor
Event: 7.560 loading class java/util/concurrent/ScheduledExecutorService
Event: 7.560 loading class java/util/concurrent/ScheduledExecutorService done
Event: 7.560 loading class java/util/concurrent/ScheduledThreadPoolExecutor done
Event: 7.560 loading class sun/rmi/runtime/RuntimeUtil$1
Event: 7.560 loading class sun/rmi/runtime/RuntimeUtil$1 done
Event: 7.561 loading class java/util/concurrent/ScheduledThreadPoolExecutor$DelayedWorkQueue
Event: 7.561 loading class java/util/concurrent/ScheduledThreadPoolExecutor$DelayedWorkQueue done
Event: 7.562 loading class java/util/concurrent/RunnableScheduledFuture
Event: 7.562 loading class java/util/concurrent/RunnableFuture
Event: 7.562 loading class java/util/concurrent/Future
Event: 7.562 loading class java/util/concurrent/Future done
Event: 7.562 loading class java/util/concurrent/RunnableFuture done
Event: 7.562 loading class java/util/concurrent/ScheduledFuture
Event: 7.562 loading class java/util/concurrent/Delayed


Dynamic libraries:
0x00007ff699ef0000 - 0x00007ff699efe000 	C:\Users\Shoaib Akhtar\.p2\pool\plugins\org.eclipse.justj.openjdk.hotspot.jre.full.win32.x86_64_17.0.7.v20230425-1502\jre\bin\javaw.exe
0x00007ff8a5a30000 - 0x00007ff8a5c28000 	C:\WINDOWS\SYSTEM32\ntdll.dll
0x00007ff8a4310000 - 0x00007ff8a43cf000 	C:\WINDOWS\System32\KERNEL32.DLL
0x00007ff8a3330000 - 0x00007ff8a3626000 	C:\WINDOWS\System32\KERNELBASE.dll
0x00007ff8a3940000 - 0x00007ff8a3a40000 	C:\WINDOWS\System32\ucrtbase.dll
0x00007ff89d640000 - 0x00007ff89d657000 	C:\Users\Shoaib Akhtar\.p2\pool\plugins\org.eclipse.justj.openjdk.hotspot.jre.full.win32.x86_64_17.0.7.v20230425-1502\jre\bin\jli.dll
0x00007ff8a4170000 - 0x00007ff8a430d000 	C:\WINDOWS\System32\USER32.dll
0x00007ff8a36d0000 - 0x00007ff8a36f2000 	C:\WINDOWS\System32\win32u.dll
0x00007ff8a48f0000 - 0x00007ff8a491c000 	C:\WINDOWS\System32\GDI32.dll
0x00007ff8a3820000 - 0x00007ff8a3935000 	C:\WINDOWS\System32\gdi32full.dll
0x00007ff8a3630000 - 0x00007ff8a36cd000 	C:\WINDOWS\System32\msvcp_win.dll
0x00007ff89d620000 - 0x00007ff89d639000 	C:\Users\Shoaib Akhtar\.p2\pool\plugins\org.eclipse.justj.openjdk.hotspot.jre.full.win32.x86_64_17.0.7.v20230425-1502\jre\bin\VCRUNTIME140.dll
0x00007ff894aa0000 - 0x00007ff894d3a000 	C:\WINDOWS\WinSxS\amd64_microsoft.windows.common-controls_6595b64144ccf1df_6.0.19041.1110_none_60b5254171f9507e\COMCTL32.dll
0x00007ff8a49a0000 - 0x00007ff8a4a3e000 	C:\WINDOWS\System32\msvcrt.dll
0x00007ff8a45b0000 - 0x00007ff8a45e0000 	C:\WINDOWS\System32\IMM32.DLL
0x00007ff89d880000 - 0x00007ff89d88c000 	C:\Users\Shoaib Akhtar\.p2\pool\plugins\org.eclipse.justj.openjdk.hotspot.jre.full.win32.x86_64_17.0.7.v20230425-1502\jre\bin\vcruntime140_1.dll
0x00007ff89d4f0000 - 0x00007ff89d581000 	C:\Users\Shoaib Akhtar\.p2\pool\plugins\org.eclipse.justj.openjdk.hotspot.jre.full.win32.x86_64_17.0.7.v20230425-1502\jre\bin\msvcp140.dll
0x00007ff8637f0000 - 0x00007ff864438000 	C:\Users\Shoaib Akhtar\.p2\pool\plugins\org.eclipse.justj.openjdk.hotspot.jre.full.win32.x86_64_17.0.7.v20230425-1502\jre\bin\server\jvm.dll
0x00007ff8a4840000 - 0x00007ff8a48ef000 	C:\WINDOWS\System32\ADVAPI32.dll
0x00007ff8a44f0000 - 0x00007ff8a458c000 	C:\WINDOWS\System32\sechost.dll
0x00007ff8a4710000 - 0x00007ff8a4836000 	C:\WINDOWS\System32\RPCRT4.dll
0x00007ff89d9b0000 - 0x00007ff89d9b9000 	C:\WINDOWS\SYSTEM32\WSOCK32.dll
0x00007ff8a45f0000 - 0x00007ff8a465b000 	C:\WINDOWS\System32\WS2_32.dll
0x00007ff891da0000 - 0x00007ff891dc7000 	C:\WINDOWS\SYSTEM32\WINMM.dll
0x00007ff896a40000 - 0x00007ff896a4a000 	C:\WINDOWS\SYSTEM32\VERSION.dll
0x00007ff8a0fb0000 - 0x00007ff8a0fc2000 	C:\WINDOWS\SYSTEM32\kernel.appcore.dll
0x00007ff89d6f0000 - 0x00007ff89d6fa000 	C:\Users\Shoaib Akhtar\.p2\pool\plugins\org.eclipse.justj.openjdk.hotspot.jre.full.win32.x86_64_17.0.7.v20230425-1502\jre\bin\jimage.dll
0x00007ff896150000 - 0x00007ff896334000 	C:\WINDOWS\SYSTEM32\DBGHELP.DLL
0x00007ff8967e0000 - 0x00007ff896814000 	C:\WINDOWS\SYSTEM32\dbgcore.DLL
0x00007ff8a3140000 - 0x00007ff8a31c2000 	C:\WINDOWS\System32\bcryptPrimitives.dll
0x00007ff89ede0000 - 0x00007ff89ee1b000 	C:\Users\Shoaib Akhtar\.p2\pool\plugins\org.eclipse.justj.openjdk.hotspot.jre.full.win32.x86_64_17.0.7.v20230425-1502\jre\bin\jdwp.dll
0x00007ff89ef70000 - 0x00007ff89ef7e000 	C:\Users\Shoaib Akhtar\.p2\pool\plugins\org.eclipse.justj.openjdk.hotspot.jre.full.win32.x86_64_17.0.7.v20230425-1502\jre\bin\instrument.dll
0x00007ff89d6c0000 - 0x00007ff89d6e5000 	C:\Users\Shoaib Akhtar\.p2\pool\plugins\org.eclipse.justj.openjdk.hotspot.jre.full.win32.x86_64_17.0.7.v20230425-1502\jre\bin\java.dll
0x00007ff89c110000 - 0x00007ff89c128000 	C:\Users\Shoaib Akhtar\.p2\pool\plugins\org.eclipse.justj.openjdk.hotspot.jre.full.win32.x86_64_17.0.7.v20230425-1502\jre\bin\zip.dll
0x00007ff8a4bb0000 - 0x00007ff8a52f4000 	C:\WINDOWS\System32\SHELL32.dll
0x00007ff8a11b0000 - 0x00007ff8a1943000 	C:\WINDOWS\SYSTEM32\windows.storage.dll
0x00007ff8a3cb0000 - 0x00007ff8a4004000 	C:\WINDOWS\System32\combase.dll
0x00007ff8a2b50000 - 0x00007ff8a2b7e000 	C:\WINDOWS\SYSTEM32\Wldp.dll
0x00007ff8a4a40000 - 0x00007ff8a4aed000 	C:\WINDOWS\System32\SHCORE.dll
0x00007ff8a4b50000 - 0x00007ff8a4ba5000 	C:\WINDOWS\System32\shlwapi.dll
0x00007ff8a3040000 - 0x00007ff8a3065000 	C:\WINDOWS\SYSTEM32\profapi.dll
0x00007ff89edd0000 - 0x00007ff89eddc000 	C:\Users\Shoaib Akhtar\.p2\pool\plugins\org.eclipse.justj.openjdk.hotspot.jre.full.win32.x86_64_17.0.7.v20230425-1502\jre\bin\dt_socket.dll
0x00007ff8a2550000 - 0x00007ff8a258b000 	C:\WINDOWS\SYSTEM32\IPHLPAPI.DLL
0x00007ff8a28b0000 - 0x00007ff8a291a000 	C:\WINDOWS\system32\mswsock.dll
0x00007ff8a25a0000 - 0x00007ff8a266a000 	C:\WINDOWS\SYSTEM32\DNSAPI.dll
0x00007ff8a4990000 - 0x00007ff8a4998000 	C:\WINDOWS\System32\NSI.dll
0x00007ff895b60000 - 0x00007ff895b6a000 	C:\Windows\System32\rasadhlp.dll
0x00007ff894600000 - 0x00007ff894682000 	C:\WINDOWS\System32\fwpuclnt.dll
0x00007ff8a3110000 - 0x00007ff8a3137000 	C:\WINDOWS\System32\bcrypt.dll
0x00007ff89c0f0000 - 0x00007ff89c109000 	C:\Users\Shoaib Akhtar\.p2\pool\plugins\org.eclipse.justj.openjdk.hotspot.jre.full.win32.x86_64_17.0.7.v20230425-1502\jre\bin\net.dll
0x00007ff8983b0000 - 0x00007ff8984ba000 	C:\WINDOWS\SYSTEM32\WINHTTP.dll
0x00007ff89bd60000 - 0x00007ff89bd75000 	C:\Users\Shoaib Akhtar\.p2\pool\plugins\org.eclipse.justj.openjdk.hotspot.jre.full.win32.x86_64_17.0.7.v20230425-1502\jre\bin\nio.dll
0x00007ff89be30000 - 0x00007ff89be39000 	C:\Users\Shoaib Akhtar\.p2\pool\plugins\org.eclipse.justj.openjdk.hotspot.jre.full.win32.x86_64_17.0.7.v20230425-1502\jre\bin\management.dll
0x00007ff89bd50000 - 0x00007ff89bd5b000 	C:\Users\Shoaib Akhtar\.p2\pool\plugins\org.eclipse.justj.openjdk.hotspot.jre.full.win32.x86_64_17.0.7.v20230425-1502\jre\bin\management_ext.dll
0x00007ff8a4980000 - 0x00007ff8a4988000 	C:\WINDOWS\System32\PSAPI.DLL
0x00007ff88ce80000 - 0x00007ff88ce97000 	C:\WINDOWS\system32\napinsp.dll
0x00007ff88ce60000 - 0x00007ff88ce7b000 	C:\WINDOWS\system32\pnrpnsp.dll
0x00007ff89dfb0000 - 0x00007ff89dfc5000 	C:\WINDOWS\system32\wshbth.dll
0x00007ff89ec50000 - 0x00007ff89ec6d000 	C:\WINDOWS\system32\NLAapi.dll
0x00007ff88ce40000 - 0x00007ff88ce52000 	C:\WINDOWS\System32\winrnr.dll
0x00007ff8a2aa0000 - 0x00007ff8a2ab8000 	C:\WINDOWS\SYSTEM32\CRYPTSP.dll
0x00007ff8a2150000 - 0x00007ff8a2184000 	C:\WINDOWS\system32\rsaenh.dll
0x00007ff8a3000000 - 0x00007ff8a302e000 	C:\WINDOWS\SYSTEM32\USERENV.dll
0x00007ff8a2ac0000 - 0x00007ff8a2acc000 	C:\WINDOWS\SYSTEM32\CRYPTBASE.dll
0x00007ff8982d0000 - 0x00007ff8982e7000 	C:\WINDOWS\SYSTEM32\dhcpcsvc6.DLL
0x00007ff899300000 - 0x00007ff89931d000 	C:\WINDOWS\SYSTEM32\dhcpcsvc.DLL

dbghelp: loaded successfully - version: 4.0.5 - missing functions: none
symbol engine: initialized successfully - sym options: 0x614 - pdb path: .;C:\Users\Shoaib Akhtar\.p2\pool\plugins\org.eclipse.justj.openjdk.hotspot.jre.full.win32.x86_64_17.0.7.v20230425-1502\jre\bin;C:\WINDOWS\SYSTEM32;C:\WINDOWS\WinSxS\amd64_microsoft.windows.common-controls_6595b64144ccf1df_6.0.19041.1110_none_60b5254171f9507e;C:\Users\Shoaib Akhtar\.p2\pool\plugins\org.eclipse.justj.openjdk.hotspot.jre.full.win32.x86_64_17.0.7.v20230425-1502\jre\bin\server

VM Arguments:
jvm_args: -XX:+ShowCodeDetailsInExceptionMessages -agentlib:jdwp=transport=dt_socket,suspend=y,address=localhost:60175 -Dcom.sun.management.jmxremote -Dcom.sun.management.jmxremote.port=60159 -Dcom.sun.management.jmxremote.authenticate=false -Dcom.sun.management.jmxremote.ssl=false -Djava.rmi.server.hostname=localhost -Dspring.jmx.enabled=true -Dmanagement.endpoints.jmx.exposure.include=* -Dspring.application.admin.enabled=true -XX:TieredStopAtLevel=1 -Dspring.boot.project.name=fullstack -javaagent:C:\Users\Shoaib Akhtar\eclipse\jee-2023-062\eclipse\configuration\org.eclipse.osgi\430\0\.cp\lib\javaagent-shaded.jar -Dfile.encoding=UTF-8 
java_command: com.mmi.fullstack.FullstackApplication --spring.output.ansi.enabled=always
java_class_path (initial): C:\Users\Shoaib Akhtar\OneDrive\Desktop\fullstack\target\classes;C:\Users\Shoaib Akhtar\.m2\repository\org\springframework\boot\spring-boot-starter-data-mongodb\3.0.6\spring-boot-starter-data-mongodb-3.0.6.jar;C:\Users\Shoaib Akhtar\.m2\repository\org\springframework\boot\spring-boot-starter\3.0.6\spring-boot-starter-3.0.6.jar;C:\Users\Shoaib Akhtar\.m2\repository\org\springframework\boot\spring-boot\3.0.6\spring-boot-3.0.6.jar;C:\Users\Shoaib Akhtar\.m2\repository\org\springframework\boot\spring-boot-autoconfigure\3.0.6\spring-boot-autoconfigure-3.0.6.jar;C:\Users\Shoaib Akhtar\.m2\repository\org\springframework\boot\spring-boot-starter-logging\3.0.6\spring-boot-starter-logging-3.0.6.jar;C:\Users\Shoaib Akhtar\.m2\repository\ch\qos\logback\logback-classic\1.4.7\logback-classic-1.4.7.jar;C:\Users\Shoaib Akhtar\.m2\repository\ch\qos\logback\logback-core\1.4.7\logback-core-1.4.7.jar;C:\Users\Shoaib Akhtar\.m2\repository\org\apache\logging\log4j\log4j-to-slf4j\2.19.0\log4j-to-slf4j-2.19.0.jar;C:\Users\Shoaib Akhtar\.m2\repository\jakarta\annotation\jakarta.annotation-api\2.1.1\jakarta.annotation-api-2.1.1.jar;C:\Users\Shoaib Akhtar\.m2\repository\org\yaml\snakeyaml\1.33\snakeyaml-1.33.jar;C:\Users\Shoaib Akhtar\.m2\repository\org\mongodb\mongodb-driver-sync\4.8.2\mongodb-driver-sync-4.8.2.jar;C:\Users\Shoaib Akhtar\.m2\repository\org\mongodb\bson\4.8.2\bson-4.8.2.jar;C:\Users\Shoaib Akhtar\.m2\repository\org\mongodb\mongodb-driver-core\4.8.2\mongodb-driver-core-4.8.2.jar;C:\Users\Shoaib Akhtar\.m2\repository\org\mongodb\bson-record-codec\4.8.2\bson-record-codec-4.8.2.jar;C:\Users\Shoaib Akhtar\.m2\repository\org\springframework\data\spring-data-mongodb\4.0.5\spring-data-mongodb-4.0.5.jar;C:\Users\Shoaib Akhtar\.m2\repository\org\springframework\spring-tx\6.0.8\spring-tx-6.0.8.jar;C:\Users\Shoaib Akhtar\.m2\repository\org\springframework\spring-context\6.0.8\spring-context-6.0.8.jar;C:\Users\Shoaib Akhtar\.m2\repository\org\springframework\s
Launcher Type: SUN_STANDARD

[Global flags]
     intx CICompilerCount                          = 3                                         {product} {ergonomic}
     uint ConcGCThreads                            = 1                                         {product} {ergonomic}
     uint G1ConcRefinementThreads                  = 4                                         {product} {ergonomic}
   size_t G1HeapRegionSize                         = 1048576                                   {product} {ergonomic}
    uintx GCDrainStackTargetSize                   = 64                                        {product} {ergonomic}
   size_t InitialHeapSize                          = 67108864                                  {product} {ergonomic}
     bool ManagementServer                         = true                                      {product} {command line}
   size_t MarkStackSize                            = 4194304                                   {product} {ergonomic}
   size_t MaxHeapSize                              = 1050673152                                {product} {ergonomic}
   size_t MaxNewSize                               = 630194176                                 {product} {ergonomic}
   size_t MinHeapDeltaBytes                        = 1048576                                   {product} {ergonomic}
   size_t MinHeapSize                              = 8388608                                   {product} {ergonomic}
    uintx NonProfiledCodeHeapSize                  = 0                                      {pd product} {ergonomic}
     bool ProfileInterpreter                       = false                                  {pd product} {command line}
    uintx ProfiledCodeHeapSize                     = 0                                      {pd product} {ergonomic}
     bool ShowCodeDetailsInExceptionMessages       = true                                   {manageable} {command line}
   size_t SoftMaxHeapSize                          = 1050673152                             {manageable} {ergonomic}
     intx TieredStopAtLevel                        = 1                                         {product} {command line}
     bool UseCompressedClassPointers               = true                           {product lp64_product} {ergonomic}
     bool UseCompressedOops                        = true                           {product lp64_product} {ergonomic}
     bool UseG1GC                                  = true                                      {product} {ergonomic}
     bool UseLargePagesIndividualAllocation        = false                                  {pd product} {ergonomic}

Logging:
Log output configuration:
 #0: stdout all=warning uptime,level,tags
 #1: stderr all=off uptime,level,tags

Environment Variables:
PATH=C:\Users\Shoaib Akhtar\.p2\pool\plugins\org.eclipse.justj.openjdk.hotspot.jre.full.win32.x86_64_17.0.7.v20230425-1502\jre\bin;C:/Users/Shoaib Akhtar/.p2/pool/plugins/org.eclipse.justj.openjdk.hotspot.jre.full.win32.x86_64_17.0.7.v20230425-1502/jre/bin/server;C:/Users/Shoaib Akhtar/.p2/pool/plugins/org.eclipse.justj.openjdk.hotspot.jre.full.win32.x86_64_17.0.7.v20230425-1502/jre/bin;C:\Program Files\Common Files\Oracle\Java\javapath;C:\Program Files\Git\cmd;C:\Program Files\Redis;C:\Windows\System32\wbem;C:\Program Files\nodejs\;C:\Users\Shoaib Akhtar\AppData\Local\Programs\Microsoft VS Code\bin;C:\Program Files\Redis;C:\Windows\System32\wbem;C:\Users\Shoaib Akhtar\AppData\Roaming\npm;C:\Users\Shoaib Akhtar\OneDrive\Desktop;
USERNAME=Shoaib Akhtar
OS=Windows_NT
PROCESSOR_IDENTIFIER=Intel64 Family 6 Model 61 Stepping 4, GenuineIntel
TMP=C:\Users\Shoaib Akhtar\AppData\Local\Temp
TEMP=C:\Users\Shoaib Akhtar\AppData\Local\Temp



---------------  S Y S T E M  ---------------

OS:
 Windows 10 , 64 bit Build 19041 (10.0.19041.3155)
OS uptime: 1 days 4:21 hours

CPU: total 4 (initial active 4) (2 cores per cpu, 2 threads per core) family 6 model 61 stepping 4 microcode 0x2f, cx8, cmov, fxsr, ht, mmx, 3dnowpref, sse, sse2, sse3, ssse3, sse4.1, sse4.2, popcnt, lzcnt, tsc, tscinvbit, avx, avx2, aes, erms, clmul, bmi1, bmi2, adx, fma, vzeroupper, clflush

Memory: 4k page, system-wide physical 4005M (237M free)
TotalPageFile size 8634M (AvailPageFile size 0M)
current process WorkingSet (physical memory assigned to process): 77M, peak: 77M
current process commit charge ("private bytes"): 143M, peak: 143M

vm_info: OpenJDK 64-Bit Server VM (17.0.7+7) for windows-amd64 JRE (17.0.7+7), built on Apr 18 2023 22:10:42 by "temurin" with MS VC++ 16.7 (VS2019)

END.
